```bash
$ ./mem_v2 $((1024*7))
Allocating 7516192768 bytes (7168.00 MiB)
        number of integers in array: 1879048192
Loops: 1        | Window:    1 loops at 12853.68 ms/lp | Bandwidth:   557.66 MiB/s
Loops: 2        | Window:    1 loops at 1650.81 ms/lp | Bandwidth:  4342.11 MiB/s
Loops: 3        | Window:    1 loops at 1419.06 ms/lp | Bandwidth:  5051.23 MiB/s
Loops: 4        | Window:    1 loops at 1410.07 ms/lp | Bandwidth:  5083.42 MiB/s
Loops: 5        | Window:    1 loops at 1400.77 ms/lp | Bandwidth:  5117.17 MiB/s
Loops: 6        | Window:    1 loops at 1422.19 ms/lp | Bandwidth:  5040.12 MiB/s
Loops: 7        | Window:    1 loops at 1397.34 ms/lp | Bandwidth:  5129.76 MiB/s
Loops: 8        | Window:    1 loops at 1405.29 ms/lp | Bandwidth:  5100.73 MiB/s
Loops: 9        | Window:    1 loops at 1418.34 ms/lp | Bandwidth:  5053.81 MiB/s
Loops: 10       | Window:    1 loops at 1399.55 ms/lp | Bandwidth:  5121.66 MiB/s
Loops: 11       | Window:    1 loops at 1404.83 ms/lp | Bandwidth:  5102.41 MiB/s
Loops: 12       | Window:    1 loops at 1398.10 ms/lp | Bandwidth:  5126.97 MiB/s
Loops: 13       | Window:    1 loops at 1404.23 ms/lp | Bandwidth:  5104.57 MiB/s
Loops: 14       | Window:    1 loops at 1467.48 ms/lp | Bandwidth:  4884.57 MiB/s
Loops: 15       | Window:    1 loops at 1407.10 ms/lp | Bandwidth:  5094.18 MiB/s
^C
```

```bash
$ vmstat -w 1
--procs-- -----------------------memory---------------------- ---swap-- -----io---- -system-- ----------cpu----------
   r    b         swpd         free         buff        cache   si   so    bi    bo   in   cs  us  sy  id  wa  st  gu
   0    0       272564      7305016         9232       230032 11571 12099 12022 12113 1531    3   2   4  89   5   0   0
   0    0       272564      7305016         9232       230032    0    0     0     0  359  293   0   1  99   0   0   0
   0    0       272564      7304008         9232       230032    0    0     0     0  264  233   0   1  99   0   0   0
   0    0       272564      7302748         9232       230032    0    0     0     0  235  218   0   1 100   0   0   0
   0    0       272564      7301740         9232       230032    0    0     0     0  231  196   0   0 100   0   0   0
   0    0       272564      7300732         9232       230032    0    0     0     0  222  199   0   1  99   0   0   0
   0    0       272564      7306376         9232       230032    0    0     0     0  335  297   0   1  99   0   0   0
   0    0       272564      7312584         9232       230032    0    0     0     0  237  216   0   0 100   0   0   0
   1    0       272564      6824160         9232       230032    0    0     0     0 1111  724   5  15  81   0   0   0
   1    0       272308      6183324         9232       230040   80    0    80   492 1187  578   6  21  73   0   0   0
   1    0       272308      5539212         9232       230040    0    0     0     0  940  218   6  20  74   0   0   0
   1    0       272308      4890844         9232       230040   12    0    12     0 1140  433   6  21  73   0   0   0
   1    0       272308      4245220         9232       230040    0    0     0   112  967  246   6  20  75   0   0   0
   1    0       272308      3592832         9232       230040    0    0     0     0  944  208   7  18  74   0   0   0
   1    0       272308      3002396         9240       230032    0    0     0    28 1042  269   4  22  74   0   0   0
   1    0       272308      2435396         9240       230044    0    0     0     0  980  277   6  20  74   0   0   0
   1    0       272308      1863888         9240       230044    0    0     0     0 1065  309   6  21  74   0   0   0
   1    0       272308      1337208         9240       230044    0    0     0     0  892  203   5  21  74   0   0   0
--procs-- -----------------------memory---------------------- ---swap-- -----io---- -system-- ----------cpu----------
   r    b         swpd         free         buff        cache   si   so    bi    bo   in   cs  us  sy  id  wa  st  gu
   2    0       272308       763404         9240       230044    0    0     0     0  955  243   5  20  75   0   0   0
   1    0       272308       204216         9240       230044    0    0     0     0  933  253   5  20  74   0   0   0
   1    0       272564       111816         9364       109516    0  220   552   236 1759  740  12  35  53   0   0   0
   1    0       272564       102780        12172       111840    0    0  5356     0 1412  586  25   2  71   1   0   0
   1    0       272564        99760        14668       112212    0    0  2584    72 1126  292  25   1  73   0   0   0
   1    0       272564        99004        14668       112212    0    0     0     0 1005  229  25   0  74   0   0   0
   1    0       272564        97996        14668       112212    0    0     0     0 1064  231  25   1  74   0   0   0
   1    0       272564        97744        14668       112212    0    0     0     0 1025  219  25   1  74   0   0   0
   1    0       272564        94244        14668       115012    0    0  2828     0 1315  396  26   1  72   1   0   0
   1    0       272564        94244        14668       115040    0    0     0     0 1033  234  25   1  74   0   0   0
   1    0       272564        93236        14668       115040    0    0     0     0 1035  223  25   1  74   0   0   0
   1    0       272564        92984        14668       115040    0    0     0     0 1016  241  25   1  74   0   0   0
   1    0       272564        91976        14804       115040    0    0   136     0 1051  260  25   1  74   0   0   0
   1    0       272564        90464        14804       115148    0    0   108     0 1223  441  25   1  73   0   0   0
   1    0       272564        89960        14804       115148    0    0     0     0 1019  219  25   1  75   0   0   0
   2    0       272564        88700        14804       115148    0    0     0     0 1007  205  25   1  74   0   0   0
   1    0       272564        94236        14804       115148    0    0     0     0 1048  236  25   1  74   0   0   0
   1    0       272564        92976        14804       115148    0    0     0     0 1038  234  25   0  74   0   0   0
--procs-- -----------------------memory---------------------- ---swap-- -----io---- -system-- ----------cpu----------
   r    b         swpd         free         buff        cache   si   so    bi    bo   in   cs  us  sy  id  wa  st  gu
   2    0       272564        91464        14804       115148    0    0     0     0 1131  281  25   1  74   0   0   0
   1    0       272564        90960        14804       115148    0    0     0     0  993  218  25   1  74   0   0   0
   1    0       272564        90960        14804       115148    0    0     0     0 1049  242  25   1  74   0   0   0
   1    0       272564        90456        14804       115148    0    0     0     0 1075  276  25   1  74   0   0   0
   1    0       272564      1174148        14804       115148    0    0     0     0 1017  243  21   5  74   0   0   0
   1    0       272564      7434608        14964       115432   16    0   752     0 1708  582   1  28  70   0   0   0
   2    0       272564      7299296        21784       119112  676    0 10716     4 2463 2313   2   8  85   5   0   0
   0    0       272564      7429112        21784       119112    0    0     0     0  223  233   0   0 100   0   0   0
   0    0       272564      7428104        21784       119112    0    0     0     0  297  235   0   0  99   0   0   0
   0    0       272564      7434592        21784       119112    0    0     0   112  309  225   0   2  98   0   0   0
   0    0       272564      7432324        22036       119008    0    0   252     0  394  316   1   1  99   0   0   0
   0    0       272564      7430560        22036       119116    0    0     0     0  293  241   0   1  99   0   0   0
   0    0       272564      7429552        22048       119116    0    0     4    32  339  283   0   0  98   1   0   0
   0    0       272564      7428292        22048       119116    0    0     0     0  368  230   0   1  99   0   0   0
   0    0       272564      7427284        22048       119116    0    0     0     0  262  221   0   0  99   0   0   0
   0    0       272564      7432360        22048       119116    0    0     0   112  497  324   0   2  98   0   0   0
   0    0       272564      7430208        22048       119116    0    0     0     0  232  202   0   1 100   0   0   0
^C
```
