```bash
$ ./mem_v2 $((1024*7+384))
Allocating 7918845952 bytes (7552.00 MiB)
        number of integers in array: 1979711488
Loops: 1        | Window:    1 loops at 14324.38 ms/lp | Bandwidth:   527.21 MiB/s
Loops: 2        | Window:    1 loops at 139596.19 ms/lp | Bandwidth:    54.10 MiB/s
Loops: 3        | Window:    1 loops at 159767.30 ms/lp | Bandwidth:    47.27 MiB/s
Loops: 4        | Window:    1 loops at 207645.36 ms/lp | Bandwidth:    36.37 MiB/s
Loops: 5        | Window:    1 loops at 246875.13 ms/lp | Bandwidth:    30.59 MiB/s
Loops: 6        | Window:    1 loops at 277145.69 ms/lp | Bandwidth:    27.25 MiB/s
Loops: 7        | Window:    1 loops at 262561.39 ms/lp | Bandwidth:    28.76 MiB/s
Loops: 8        | Window:    1 loops at 280913.23 ms/lp | Bandwidth:    26.88 MiB/s
^C
```

```bash
$ ./mem_v2 $((1024*8))
Allocating 8589934592 bytes (8192.00 MiB)
        number of integers in array: 2147483648
Loops: 1        | Window:    1 loops at 20444.83 ms/lp | Bandwidth:   400.69 MiB/s
Loops: 2        | Window:    1 loops at 141111.40 ms/lp | Bandwidth:    58.05 MiB/s
Loops: 3        | Window:    1 loops at 150783.05 ms/lp | Bandwidth:    54.33 MiB/s
Loops: 4        | Window:    1 loops at 188179.87 ms/lp | Bandwidth:    43.53 MiB/s
Loops: 5        | Window:    1 loops at 285521.26 ms/lp | Bandwidth:    28.69 MiB/s
^C
```

```bash
$ vmstat -w 1
--procs-- -----------------------memory---------------------- ---swap-- -----io---- -system-- ----------cpu----------
   r    b         swpd         free         buff        cache   si   so    bi    bo   in   cs  us  sy  id  wa  st  gu
   1    0       125348      7102752        63408       263880 2471 2507  3069  2532  701    1   3   3  93   1   0   0
   0    0       125348      7109052        63408       263880    0    0     0     0  229  240   0   0  99   0   0   0
   0    0       125348      7108800        63408       263880    0    0     0     0  219  258   0   1  99   0   0   0
   0    0       125348      7108800        63408       263880    0    0     0     0  229  208   0   0 100   0   0   0
   0    0       125348      7108800        63408       263880    0    0     0     0  142  157   0   0 100   0   0   0
   0    0       125348      7107316        63408       263880    0    0     0     0  295  275   0   1  99   0   0   0
   0    0       125348      7106560        63408       263880    0    0     0     0  212  203   0   0 100   0   0   0
   0    0       125348      7106056        63408       263880    0    0     0     0  261  241   0   0 100   0   0   0
   0    0       125348      7106056        63408       263880    0    0     0     0  266  217   0   1  99   0   0   0
   2    0       125348      6673120        63408       263880    0    0     0     0  735  456   5  15  80   0   0   0
   1    0       125348      6176932        63408       263880    0    0     0     0  730  300   7  19  74   0   0   0
   2    0       125348      5598088        63408       263880    0    0     0     0  776  237   7  19  74   0   0   0
   1    0       125348      4997068        63416       263872    0    0     0    20  823  257   6  19  74   0   0   0
   1    0       125348      4421752        63416       263880    0    0     0     0  768  217   7  19  74   0   0   0
   1    0       125348      3820188        63416       263880    0    0     0     0  764  229   5  21  74   0   0   0
   1    0       125348      3245124        63416       263880    0    0     0     0  862  314   7  20  74   0   0   0
   1    0       125348      2677620        63416       263880    0    0     0    64  765  228   6  20  74   0   0   0
   1    0       125348      2132544        63416       263880    0    0     0     0  746  236   5  21  74   0   0   0
--procs-- -----------------------memory---------------------- ---swap-- -----io---- -system-- ----------cpu----------
   r    b         swpd         free         buff        cache   si   so    bi    bo   in   cs  us  sy  id  wa  st  gu
   2    0       125348      1591248        63424       263880    0    0     0    16  664  221   5  21  74   0   0   0
   1    0       125348      1054992        63424       263880    0    0     0     0  959  247   8  18  74   0   0   0
   1    0       125348       509916        63424       263880    0    0     0     0 1069  303   6  20  73   0   0   0
   2    0       136348        69240        61028       213436    0 11096     0 11192 1250  456   6  24  70   1   0   0
   2    0       208028        70912         4412        54060   16 71328  4228 71328 2811 1644   5  50  42   2   0   0
   2    0       498256        73016         2180        49512   24 290560 14344 290568 3239 2292   5  45  33  18   0   0
   0    3       838856        73200         4076        57468    0 340440 17248 340440 2609 2196   6  38  30  26   0   0
   2    2      1181964        73312         4792        60804    8 343340 26032 343340 2687 2304   6  43  14  36   0   0
   0    1      1251316        71308         7616        83300 42140 111264 67928 111264 3748 4165   2  16  52  30   0   0
   1    1      1253548        75348         7616        83244 61728 63836 62540 63836 5195 4458   1  10  69  20   0   0
   1    1      1248160        73584         7616        82552 66616 61520 66616 61520 3956 4933   1  12  68  19   0   0
   0    1      1246624        71576         7616        81664 66128 64376 66128 64376 5652 4812   1  10  69  20   0   0
   0    1      1261472        80700         7508        81252 55044 70460 55624 70460 3792 4083   1  11  68  20   0   0
   0    1      1243104        72536         7488        80500 68728 50996 68728 50996 3905 4961   2  10  70  19   0   0
   0    1      1236364        70800         7420        79808 59108 52152 59108 52152 4291 4320   1   8  71  20   0   0
   0    1      1235540        70996         6708        79300 59936 58940 59936 58940 3184 4415   1  12  68  19   0   0
   0    1      1241968        71004         6096        78284 59036 65384 59036 65384 4633 4316   1   9  69  21   0   0
   1    0      1245504        73940         6096        77976 55300 59492 55524 59492 4906 4177   1  11  68  20   0   0
--procs-- -----------------------memory---------------------- ---swap-- -----io---- -system-- ----------cpu----------
   r    b         swpd         free         buff        cache   si   so    bi    bo   in   cs  us  sy  id  wa  st  gu
   2    0      1238196        72924         5724        77496 59220 52000 59232 52000 5053 4320   1   9  69  20   0   0
   3    0      1235408        71176         5596        76856 54556 51600 54556 51600 4780 4007   1   9  70  20   0   0
   0    1      1252608        82092         4968        76244 57320 75232 57320 75232 3590 4214   2  10  69  19   0   0
   0    1      1235968        74660         4856        75896 43680 26868 43696 26868 3907 3312   1   6  72  21   0   0
   1    0      1232736        68644         4856        76288 45856 42936 46880 42936 3912 3521   1   9  69  21   0   0
   0    1      1237132        71920         4804        75332 55388 59796 55388 59796 4362 4091   1  10  69  20   0   0
   0    1      1233816        71676         4816        75200 41388 36904 41896 36904 3532 3323   1   8  70  22   0   0
   1    0      1231284        71368         4812        74364 67276 63980 67444 63980 5568 4890   1   9  70  20   0   0
   0    1      1225572        66808         4816        76384 56028 50372 58724 50372 4920 4313   1   9  69  21   0   0
   0    1      1248788        71452         5364        90024 53076 76320 68008 76320 4781 4716   1  12  61  25   0   0
   0    1      1237784        70204         5364        89308 62956 52108 62956 52108 5192 4502   1  10  69  20   0   0
   0    1      1250564        75784         5336        91908 65968 79232 69788 79232 5456 4877   2  11  66  21   0   0
   1    0      1241100        68988         5304        91400 61148 51456 61156 51456 5110 4410   1  10  68  21   0   0
   0    1      1244572        72664         5256        90500 61148 64504 61148 64504 4578 4425   1  11  68  20   0   0
   1    2      1261916        78860         5196        94676 67236 85680 71260 85776 6086 6523   3  13  58  25   0   0
   1    1      1257628        72680         5148       104384 69800 66340 73964 66360 6289 6354  14  12  49  26   0   0
   0    0      1254336        72068         5096       103272 69764 67932 69764 67932 5649 4938   1  10  68  20   0   0
   0    1      1254848        75352         4672       102732 69796 71160 69796 71160 5687 4964   1  11  68  20   0   0
--procs-- -----------------------memory---------------------- ---swap-- -----io---- -system-- ----------cpu----------
   r    b         swpd         free         buff        cache   si   so    bi    bo   in   cs  us  sy  id  wa  st  gu
   1    1      1248112        73368         3588       102176 72468 66828 72468 66828 5035 5153   1  10  69  19   0   0
   0    1      1243568        70844         2584       102636 64912 60776 65416 60776 5230 4914   2  13  66  19   0   0
   0    1      1237544        66612         2180       101944 74300 69092 74300 69092 5581 5382   1  10  69  20   0   0
   0    1      1248484        71696         2180       100640 65644 77208 65644 77208 4807 4925   0  11  68  20   0   0
   1    1      1239296        70948         2092        99440 67480 59712 67480 59712 4328 4984   1  12  68  19   0   0
   0    1      1244552        74484         1952        98648 62540 68396 62540 68396 3356 4585   1  12  68  19   0   0
   1    1      1240720        70824         1916        98128 61152 58312 61568 58312 4422 4538   2  11  67  20   0   0
   0    1      1239108        77292         1880        96952 57408 56400 57408 56400 4916 4194   1  10  69  20   0   0
   0    1      1235512        73920         1820        95556 69724 67772 69724 67772 5850 5082   1  10  70  20   0   0
   0    1      1232072        74000         1748        94184 60772 59324 60772 59324 5104 4424   1   9  69  21   0   0
   0    1      1238776        73004         1676        92896 64480 71640 64480 71640 5401 4660   1  10  69  20   0   0
   0    1      1236372        76260         1660        92932 55948 54200 57064 54200 4497 4248   1  11  68  21   0   0
   0    1      1237924        78292         1632        91728 59500 61996 59500 61996 4628 4352   1  11  68  20   0   0
   0    1      1228684        76064         1724        90740 65736 56708 66272 56708 4633 4753   1  12  68  19   0   0
   0    1      1231296        75876         1676        89084 70844 74552 70884 74552 5848 5100   1  14  66  19   0   0
   0    1      1231712        79156         1628        87584 69168 71208 69168 71208 5785 5054   1  12  67  20   0   0
   0    1      1227348        79728         1588        87064 67208 64696 67684 64696 5610 5033   2  13  65  20   0   0
   0    1      1227200        76980         1548        86004 63592 63708 63592 63708 5386 4683   1  12  68  19   0   0
--procs-- -----------------------memory---------------------- ---swap-- -----io---- -system-- ----------cpu----------
   r    b         swpd         free         buff        cache   si   so    bi    bo   in   cs  us  sy  id  wa  st  gu
   0    1      1220652        71944         1548        85044 71584 65852 71584 65852 6087 5331   1  12  67  20   0   0
   0    1      1225796        77240         1548        83780 71204 77420 71204 77420 5275 5265   1  12  67  19   0   0
   0    1      1214320        75996         1548        82864 61224 50436 61224 50436 4143 4559   1  12  68  19   0   0
   0    1      1225296        81604         1548        81900 62460 74204 62460 74204 4798 4725   1  12  67  20   0   0
   0    1      1215352        79596         1548        81280 57616 47596 57616 47596 4830 4184   1   8  71  20   0   0
   0    1      1208588        75852         1560        80612 74568 69072 74808 69072 6197 5414   2  13  66  19   0   0
   0    1      1210516        74592         1548        79604 70480 72076 70480 72076 5936 5155   1  12  67  20   0   0
   0    0      1209644        73844         1540        78712 73944 73144 73944 73144 6123 5323   2  10  68  20   0   0
   1    0      1215188        77668         1528        77996 66868 72324 67100 72324 5644 5045   2  12  67  20   0   0
   0    1      1211280        80444         1528        77152 70248 66668 70248 66668 5455 5109   1  11  68  20   0   0
   0    1      1208032        76940         1528        76444 65492 61740 65492 61740 5099 4748   1  11  68  20   0   0
   0    1      1206004        77952         1536        75616 64144 62336 64144 62356 5472 4705   1  11  68  20   0   0
   0    1      1205920        78640         1536        74760 69128 68600 69128 68600 5975 5089   1  10  69  20   0   0
   0    1      1210144        79688         1536        76172 61776 66472 63904 66580 5593 4908   1  12  66  21   0   0
   1    0      1209564        78232         1536        75316 76516 76436 76516 76436 6347 5485   1  12  67  20   0   0
   1    1      1206356        80016         1536        74292 76204 72724 76204 72724 6133 5667   0  12  68  19   0   0
   0    1      1200872        77764         1536        73708 75816 70424 75816 70424 6307 5435   1  11  69  20   0   0
   0    1      1218628        82816         1536        73008 57932 75688 57932 75688 4730 4303   1  11  67  20   0   0
--procs-- -----------------------memory---------------------- ---swap-- -----io---- -system-- ----------cpu----------
   r    b         swpd         free         buff        cache   si   so    bi    bo   in   cs  us  sy  id  wa  st  gu
   1    1      1200104        78856         1536        72652 74648 56836 74764 56836 5441 5423   1  11  69  20   0   0
   0    1      1202512        77412         1536        72240 56896 58756 56896 58756 4956 4259   1  11  68  20   0   0
   1    0      1207988        80204         1536        71848 65556 71104 65588 71104 5784 4896   1  13  67  19   0   0
   0    1      1198436        76172         1536        71480 63508 53784 63508 53784 5007 4644   1  11  69  20   0   0
   1    0      1200772        76944         1520        71192 51764 54232 51764 54232 4640 3906   1  11  68  20   0   0
   0    1      1196148        73876         1520        70864 68560 63364 68648 63364 4836 5119   1  11  69  19   0   0
   0    1      1198560        75144         1520        70420 69552 72148 69552 72148 5066 5057   1  11  69  19   0   0
   1    0      1200492        76916         1520        70200 69752 70956 69752 70956 5703 5102   1  10  69  20   0   0
   0    1      1201156        77424         1508        70048 62048 63184 62052 63184 4965 4629   1   9  69  20   0   0
   0    1      1197348        77428         1492        69840 63576 59368 63608 59368 5235 4764   1  10  69  20   0   0
   1    0      1196276        71912         1476        70000 65200 63872 65592 63872 5668 4901   1  12  66  20   0   0
   0    1      1198692        76220         1476        69536 69640 71884 69648 71884 5635 5246   1  12  68  19   0   0
   0    1      1204524        78756         1476        69016 73040 77992 73112 77992 6077 5373   1  10  69  20   0   0
   0    1      1201268        79520         1476        68644 62572 59288 62572 59288 5256 4662   1  10  69  20   0   0
   0    0      1197720        72728         1476        70340 72956 68700 75064 68700 6045 5540   1  12  67  20   0   0
   1    2      1217060        72692         1476        82132 71956 88676 81676 88676 6697 6648   5  15  48  32   0   0
   1    0      1214512        79260         1476        81444 70012 72312 70012 72312 5046 5530   1  14  61  24   0   0
   1    0      1211544        75264         1476        81252 60520 56972 60520 56972 4866 4583   2  11  68  19   0   0
--procs-- -----------------------memory---------------------- ---swap-- -----io---- -system-- ----------cpu----------
   r    b         swpd         free         buff        cache   si   so    bi    bo   in   cs  us  sy  id  wa  st  gu
   1    1      1227024        90892         1476        80860 62884 78456 62884 78456 5486 4638   1  11  67  20   0   0
   1    0      1219856        78300         1476        80488 75012 68096 75140 68096 6430 5555   1  12  67  19   0   0
   0    1      1207340        73800         1476        80660 75316 61356 75792 61356 5980 5601   1  11  68  20   0   0
   0    1      1216920        79488         1476        80156 72116 81664 72116 81664 6154 5353   1  12  67  20   0   0
   0    1      1219164        75528         1476        80024 69396 71680 69736 71680 5883 5114   1  11  68  20   0   0
   0    0      1208984        73268         1476        79580 74444 63596 74444 63596 5968 5473   1  11  68  20   0   0
   1    1      1218608        76296         1476        79256 61628 70612 61628 70612 4150 4608   1  11  68  20   0   0
   0    1      1212440        73804         1484        80468 63196 56952 64744 56972 5758 5094   1  12  67  20   0   0
   0    1      1211632        77888         1484        80272 59592 58100 59592 58100 4827 4518   2   9  69  20   0   0
   0    2      1233772        85728         1484        79656 58456 80536 58456 80536 4340 4389   1  10  67  22   0   0
   0    1      1212456        75648         1484        79560 64432 42528 64432 42528 4901 4758   1  10  70  20   0   0
   3    1      1209040        72692         1484        79012 70408 66620 70408 66620 6070 5186   1  10  69  20   0   0
   0    1      1217444        82600         1484        78368 52788 60748 53316 60748 5188 4354   2  13  64  21   0   0
   0    1      1213280        84404         1484        73072 59912 56352 59920 56352 4938 4442   1  13  66  20   0   0
   0    1      1201484        80348         1484        68772 61652 50052 61716 50052 4268 4686   1  13  66  19   0   0
   0    1      1200228        80540         1484        64164 68704 68620 68812 68728 5893 5077   1  14  65  20   0   0
   1    1      1188112        74504         1484        60780 55460 43244 55644 43244 5043 4246   1  12  67  20   0   0
   1    1      1186084        80152         1428        60932 65384 63340 71596 63340 6161 5322   1  22  54  22   0   0
--procs-- -----------------------memory---------------------- ---swap-- -----io---- -system-- ----------cpu----------
   r    b         swpd         free         buff        cache   si   so    bi    bo   in   cs  us  sy  id  wa  st  gu
   1    0      1175080        78056         1336        54208 65000 53548 65144 53548 4139 4870   1  17  63  19   0   0
   1    1      1161256        77784         1240        47724 56460 42184 56920 42184 5262 4351   1  20  60  20   0   0
   1    0      1212560       111832         1480        42932 60648 110500 63368 110500 5900 4694   1  22  50  27   0   0
   2    0      1167892        80092         1480        44712 78680 32924 80460 32924 6186 5712   1   9  69  21   0   0
   0    1      1194000        77060         1580        71492 49672 75068 76556 75068 4849 4657   1  13  54  32   0   0
   1    0      1197644        77824         1580        72048 68460 70124 69016 70124 5958 5162   2  11  67  20   0   0
   0    1      1199212        80708         1580        72048 68004 67728 68004 67728 5721 4971   1  10  68  21   0   0
   0    1      1199312        76704         1580        72048 70416 69220 70416 69220 5108 5193   1  12  68  19   0   0
   3    1      1193680        74192         1580        71952 70228 62640 70232 62640 5333 5183   1  13  66  19   0   0
   0    1      1197360        76604         1580        71940 70680 73832 70808 73832 6124 5408   1  11  66  22   0   0
   2    0      1191340        71952         1580        71712 66336 58812 66336 58812 5931 5130   2  11  64  23   0   0
   1    0      1193724        73352         1576        71352 59864 62052 59864 62052 5280 4466   1  11  68  20   0   0
   0    0      1193212        73360         1576        70660 70440 70164 70440 70164 5789 5160   1  11  68  20   0   0
   4    1      1191656        73056         1576        70052 70684 67744 70684 67744 6007 5351   2  10  68  20   0   0
   0    1      1205268        78148         1564        69668 56392 68860 56484 68860 4971 4455   2  12  66  20   0   0
   1    0      1212896        78700         1772        75876 59544 65844 66276 65844 5115 4678   1  12  65  22   0   0
   1    1      1207896        77952         1752        75236 74680 69152 74680 69152 6151 5467   1  13  67  19   0   0
   0    1      1222552        87548         1744        74984 63604 77072 64172 77168 5393 4805   1  13  66  20   0   0
--procs-- -----------------------memory---------------------- ---swap-- -----io---- -system-- ----------cpu----------
   r    b         swpd         free         buff        cache   si   so    bi    bo   in   cs  us  sy  id  wa  st  gu
   1    2      1211440        79992         1744        74300 65620 53760 65744 53760 4535 4898   2  13  67  19   0   0
   0    1      1215464        79636         1744        80228 68584 71652 74876 71652 6149 5677   2  13  63  22   0   0
   0    1      1213468        77372         1740        79556 63696 60608 63696 60608 5278 4819   2  11  65  21   0   0
   1    0      1214872        75620         1744        78968 74856 74980 74860 75000 6484 5547   2  11  67  20   0   0
   0    1      1215120        76128         1744        78240 71612 70796 71612 70796 6236 5253   2  12  66  20   0   0
   0    2      1216252        79172         1744        77664 56372 56620 56440 56620 5089 4329   1  11  67  21   0   0
   0    1      1213164        77792         1744        77036 57088 54632 57088 54632 5307 4445   1  11  67  20   0   0
   0    1      1216256        79704         1744        76240 62588 66176 62604 66176 5178 4776   1  11  66  21   0   0
   0    1      1212016        76684         1744        75548 62148 58284 62148 58284 4416 4819   1  12  66  21   0   0
   0    1      1213464        74672         1744        74880 56756 58000 56756 58000 3604 4295   1  11  68  19   0   0
   2    0      1215356        77984         1744        74132 54704 56260 54704 56260 4013 4373   1  12  67  19   0   0
   1    0      1210284        74740         1744        73844 72464 66172 72580 66172 6287 5446   2  11  67  20   0   0
   0    1      1213888        78272         1744        73480 61560 64536 61668 64536 5546 4744   1  11  67  20   0   0
   0    1      1217032        81560         1744        72992 54012 57352 54052 57352 4945 4185   1  11  68  20   0   0
   0    1      1212536        78312         1744        72548 62260 56908 62260 56908 5575 4750   1  11  68  20   0   0
   3    0      1218876        75036         1744        72036 58520 64548 58520 64548 5308 4498   2  10  69  20   0   0
   0    1      1208656        73668         1744        71592 60060 48584 60060 48584 5598 4749   2  10  68  20   0   0
   0    1      1207148        72984         1740        71076 61068 59304 61068 59304 5346 4704   2   9  70  20   0   0
--procs-- -----------------------memory---------------------- ---swap-- -----io---- -system-- ----------cpu----------
   r    b         swpd         free         buff        cache   si   so    bi    bo   in   cs  us  sy  id  wa  st  gu
   1    1      1215648        79040         1720        70744 53892 62056 54008 62056 4636 4241   1  11  68  20   0   0
   1    0      1217500        73504         1708        70352 60144 61540 60144 61540 5377 4622   1  10  69  20   0   0
   1    1      1211088        73472         1708        72260 61996 54680 64340 54680 5724 4988   1  12  66  21   0   0
   0    1      1230532        81184         1700        76560 55596 74260 59472 74260 5541 4784   1  13  61  25   0   0
   0    1      1223728        80196         1700        76428 56544 49704 56592 49704 5225 4450   1  12  66  21   0   0
   1    2      1216076        72136         1688        80256 62088 54624 66264 54624 5769 5129   1  11  66  22   0   0
   0    1      1222684        78196         1620        81236 60980 70108 62636 70108 5784 5000   2  13  61  24   0   0
   2    1      1222344        78204         1588        80588 57564 56636 57616 56636 5209 4519   1  10  69  20   0   0
   1    0      1226240        74968         1548        80180 55816 60100 55816 60100 4873 4464   1  10  68  20   0   0
   0    1      1225300        78756         1516        79540 57512 55752 57512 55752 4803 4487   1  10  69  20   0   0
   0    1      1222292        78520         1496        79140 57348 53532 57348 53532 5169 4565   1  10  69  20   0   0
   0    1      1219316        75776         1460        78580 64344 61104 64456 61104 5593 4911   1  10  68  20   0   0
   0    1      1217640        74316         1448        78328 64868 62496 65376 62596 5677 4923   1  11  67  20   0   0
   0    1      1227812        82176         1440        79024 64764 74984 66172 74984 5977 5156   1  11  66  21   0   0
   0    1      1216952        73364         1428        79008 62304 50768 62576 50768 5625 4894   1  10  69  21   0   0
   2    1      1217688        73644         1420        78428 60544 60016 60544 60016 5027 4641   1  12  68  20   0   0
   0    1      1228948        80200         1400        77696 62092 73004 62092 73004 4845 4764   1  10  69  20   0   0
   1    2      1218304        72068         1400        77316 69784 57816 69928 57816 6092 5266   1  10  69  20   0   0
--procs-- -----------------------memory---------------------- ---swap-- -----io---- -system-- ----------cpu----------
   r    b         swpd         free         buff        cache   si   so    bi    bo   in   cs  us  sy  id  wa  st  gu
   1    0      1232032        85908         1408        76560 70376 83704 70448 83724 6333 5420   1  14  65  20   0   0
   0    1      1220632        76976         1408        75928 68112 56448 68120 56448 6082 5213   1  11  68  20   0   0
   0    1      1222280        76236         1408        75264 70952 73256 70952 73256 6178 5352   1  12  67  19   0   0
   1    1      1235836        80780         1408        74424 57088 70784 57088 70784 4499 4535   1  12  68  19   0   0
   1    2      1220860        80284         1408        73708 59420 46056 59592 46056 4438 4671   1  12  68  19   0   0
   1    1      1217848        78204         1408        73108 66648 63800 66648 63800 5197 5106   0  12  68  19   0   0
   0    1      1220532        80988         1408        72696 58572 61084 58572 61084 3996 4628   1  13  67  19   0   0
   0    1      1214368        75696         1408        71996 63784 57052 63784 57052 5840 5009   1   8  70  21   0   0
   0    1      1217300        75960         1408        71140 67096 69788 67220 69788 5910 5141   1  11  69  20   0   0
   0    1      1213880        75720         1408        70336 63264 58508 63264 58508 5572 4902   1  11  68  20   0   0
   2    1      1218644        80288         1408        69908 55248 59564 55248 59564 5156 4333   1  11  68  20   0   0
   2    1      1214016        76528         1408        69472 65196 59668 65196 59668 5896 5075   1  10  70  20   0   0
   2    1      1219152        77580         1408        69152 59900 63956 59900 63956 5175 4682   1  11  68  20   0   0
   0    1      1229992        82388         1408        68772 71328 80892 71328 80892 5486 5407   1  12  68  19   0   0
   1    0      1217372        74588         1408        68932 62320 49692 62920 49692 4039 4887   2  11  68  19   0   0
   0    1      1221780        75904         1408        68488 53920 57792 53932 57792 4933 4207   1  10  69  20   0   0
   0    1      1223624        80208         1396        67884 59440 61048 59456 61048 5397 4639   1  11  68  20   0   0
   1    0      1222596        77696         1380        67280 64728 63952 64736 63952 5658 4948   1  11  68  20   0   0
--procs-- -----------------------memory---------------------- ---swap-- -----io---- -system-- ----------cpu----------
   r    b         swpd         free         buff        cache   si   so    bi    bo   in   cs  us  sy  id  wa  st  gu
   2    1      1224388        80440         1364        66464 70828 72784 70828 72784 6344 5456   1  11  68  20   0   0
   1    0      1217396        76700         1364        66108 70720 64408 70720 64408 6318 5471   1  12  67  20   0   0
   0    1      1218176        79496         1344        65648 67596 69528 67596 69528 6439 5410   1  11  68  20   0   0
   0    1      1225140        76728         1320        65188 69172 75644 69172 75644 6265 5297   1  12  67  20   0   0
   1    0      1215344        79208         1304        64900 65256 55268 65256 55268 5659 5079   0  11  69  20   0   0
   0    1      1215428        76932         1284        64492 66832 65840 66832 65840 5954 5146   1  11  68  20   0   0
   2    1      1212972        75436         1264        64032 72480 69032 72480 69032 6453 5629   2  11  68  20   0   0
   0    1      1222480        82928         1240        63708 65756 74244 65756 74244 6032 5110   1  12  67  20   0   0
   1    1      1224784        80668         1224        66520 70468 70988 73860 70988 6513 5820   1  15  65  19   0   0
   1    0      1230620        83716         1220        66256 64684 69892 64684 69892 4578 5007   1  14  66  19   0   0
   0    1      1228124        79868         1220        65936 71196 67932 71196 67932 6229 5366   1  12  67  20   0   0
   1    1      1228636        79652         1220        65784 67344 67024 67812 67024 5845 5207   1  11  68  20   0   0
   0    1      1231248        81216         1220        65640 68328 71028 68328 71028 5277 5302   1  12  67  20   0   0
   0    1      1228268        83004         1220        65320 71112 68564 71112 68564 6215 5430   1  13  67  19   0   0
   0    1      1224464        78320         1228        64984 61140 57936 61140 57956 5556 4921   1  12  68  20   0   0
   0    1      1229456        83376         1240        64888 67428 72608 67748 72608 6112 5236   1  13  66  19   0   0
   1    2      1226696        81120         1240        65304 70144 68440 71012 68440 6428 5521   1  13  66  20   0   0
   0    1      1230672        81784         1240        65772 47704 51880 48172 51880 4245 3901   1  11  68  21   0   0
--procs-- -----------------------memory---------------------- ---swap-- -----io---- -system-- ----------cpu----------
   r    b         swpd         free         buff        cache   si   so    bi    bo   in   cs  us  sy  id  wa  st  gu
   2    1      1221372        78524         1240        65616 55772 46144 55772 46144 4080 4461   1   9  71  20   0   0
   1    1      1228552        81300         1240        65372 53224 59676 53224 59676 3889 4171   1  12  68  19   0   0
   0    1      1225128        80304         1240        65180 64652 59736 64652 59736 5262 5024   1  12  68  19   0   0
   0    1      1229320        75524         1240        65132 60528 63648 60664 63648 5361 4751   1  10  68  20   0   0
   2    1      1218552        74064         1240        65204 54980 42888 54980 42888 4613 4268   1  10  69  20   0   0
   1    1      1229108        76084         1240        65092 59440 67960 59440 67960 5254 4648   2  11  68  20   0   0
   0    1      1221608        74880         1240        64976 56608 48324 56608 48324 4711 4405   1  11  68  20   0   0
   0    1      1231852        82692         1240        64824 67828 77132 67828 77132 4222 5126   1  13  67  19   0   0
   0    0      1237820        79708         1236        68348 57776 61932 61384 61932 4474 4794   2  12  66  20   0   0
   0    3      1241180        79748         1236        72280 70764 72528 73848 72528 6495 5909   2  14  63  21   0   0
   1    1      1250240        81292         1236        80340 70200 88648 75392 88648 6778 6534   7  15  38  39   0   0
   0    1      1235352        79816         1236        80016 57060 42556 57060 42556 4069 4474   1  13  68  19   0   0
   0    1      1235816        82976         1236        79704 64860 65380 64860 65380 5701 5096   1  11  68  20   0   0
   1    0      1233888        81080         1236        79272 53260 51688 53260 51688 4989 4274   1  11  68  20   0   0
   0    1      1230932        79400         1236        78896 68768 65720 68768 65720 6203 5362   1  11  69  20   0   0
   0    1      1227028        76440         1236        78544 70588 67084 70588 67084 6271 5440   1  11  68  20   0   0
   0    1      1227692        78720         1236        78080 69624 69224 69624 69224 6317 5425   1  12  67  19   0   0
   0    1      1228444        77472         1236        77868 57336 56636 57336 56636 5192 4400   1  10  69  20   0   0
--procs-- -----------------------memory---------------------- ---swap-- -----io---- -system-- ----------cpu----------
   r    b         swpd         free         buff        cache   si   so    bi    bo   in   cs  us  sy  id  wa  st  gu
   2    1      1243864        77564         1236        77324 60620 74368 60620 74368 5571 4820   1  11  68  20   0   0
   0    1      1228168        76200         1236        77256 64144 47412 64144 47412 5733 4943   0  10  70  20   0   0
   0    1      1231992        78984         1236        77384 59244 61212 59752 61308 5656 4783   1  12  67  20   0   0
   0    1      1239200        83016         1236        76772 61792 67932 61792 67932 3868 4767   1  13  68  19   0   0
   1    0      1230248        76472         1236        76292 61876 52112 61876 52112 5077 4840   1  10  69  20   0   0
   2    0      1237612        79344         1236        76816 65692 68736 66976 68736 3740 5168   1  14  66  19   0   0
   3    0      1227184        74088         1156        73928 54180 42948 54188 42948 5171 4281   2  12  66  20   0   0
   0    1      1226620        78400         1156        69352 59352 58628 59352 58628 5200 4707   1  15  64  19   0   0
   0    1      1229412        84464         1156        66284 57908 60552 57908 60552 4577 4393   1  13  67  20   0   0
   0    1      1218264        77164         1160        64260 50284 41168 50848 41288 4298 3859   1   9  69  20   0   0
   1    1      1215460        82008         1140        60352 53880 52856 55604 52856 5057 4514   1  15  64  20   0   0
   2    0      1209348        79948         1132        61060 59528 54332 62996 54332 5658 4945   2  15  63  21   0   0
   1    0      1201580        76924         1132        56240 63672 55752 63708 55752 5701 5099   2  18  61  19   0   0
   2    0      1188520        78448         1108        47888 65768 53220 66508 53220 6212 5079   1  19  61  20   0   0
   0    1      1183184        80228         1076        43028 66872 59276 67240 59292 6414 5321   1  22  57  19   0   0
   2    0      1184812        79992         1076        44080 71120 69328 74208 69328 6505 5565   1  14  64  21   0   0
   0    1      1210808        77152         1076        70224 57992 80932 84060 80932 6133 5338   1  13  55  32   0   0
   0    1      1218708        78680         1076        71000 67204 71792 67984 71792 6148 5257   2  12  66  20   0   0
--procs-- -----------------------memory---------------------- ---swap-- -----io---- -system-- ----------cpu----------
   r    b         swpd         free         buff        cache   si   so    bi    bo   in   cs  us  sy  id  wa  st  gu
   1    1      1223324        80956         1076        71000 59388 60428 59388 60428 5247 4666   1  12  67  20   0   0
   1    1      1223464        79468         1076        70964 57808 55712 57808 55712 5257 4440   1   9  69  20   0   0
   1    0      1224428        79252         1076        70632 63792 62800 63820 62800 5744 4968   1  11  66  22   0   0
   2    1      1235932        77560         1076        84036 57280 65596 64012 65596 4466 5315  13  13  45  30   0   0
   0    1      1254096        79896         1500        91780 60956 76368 64004 76368 5673 5502  11  15  44  30   0   0
   1    0      1253940        82924         1500        91392 52240 52212 52240 52212 4908 4104   1  11  68  21   0   0
   0    1      1250948        82864         1500        90508 68820 65992 68820 65992 6188 5317   1  11  68  20   0   0
   0    1      1251404        82112         1500        89736 70568 70908 70568 70908 4661 5483   2  13  66  19   0   0
   1    0      1247528        79880         1500        89060 52184 49700 52184 49700 5014 4200   1  11  67  21   0   0
   1    0      1251792        82904         1500        88816 58652 62388 59216 62388 5701 4789   1  11  68  21   0   0
   0    1      1241724        78084         1500        88152 60148 49716 60148 49716 5636 4888   0  10  69  20   0   0
   0    1      1244996        78096         1500        87468 71144 71260 71668 71260 6122 5572   1  12  67  20   0   0
   1    1      1251476        75868         1500        87712 71024 75792 72932 75792 6474 5512   2  13  65  20   0   0
   0    1      1250624        78572         1500        86748 66660 62000 66660 62000 6171 5219   1  12  68  20   0   0
   0    1      1251148        76312         1500        88876 66484 64128 69636 64128 6353 5524   1  13  66  20   0   0
   0    1      1262876        81936         1500        87580 67136 75272 67136 75272 6329 5300   1  13  67  19   0   0
   1    1      1253840        75012         1500        86748 71696 60500 71696 60500 6361 5467   1  12  67  20   0   0
   1    0      1265248        76392         1500        85772 68244 78320 68312 78320 6282 5449   1  13  65  20   0   0
--procs-- -----------------------memory---------------------- ---swap-- -----io---- -system-- ----------cpu----------
   r    b         swpd         free         buff        cache   si   so    bi    bo   in   cs  us  sy  id  wa  st  gu
   2    0      1268656        80448         1504        88240 65756 66536 68976 66536 5733 5308   2  12  64  22   0   0
   2    0      1257832        73916         1504        87180 55804 44608 55804 44608 4836 4543   1  11  68  20   0   0
   0    1      1265448        82996         1504        85876 56832 64640 56832 64640 5157 4467   1  11  67  20   0   0
   0    1      1268892        87544         1504        85316 48804 54340 48804 54340 4744 4040   1  11  68  20   0   0
   0    1      1258032        75208         1504        84592 61948 50476 61948 50476 5369 4885   1  11  67  21   0   0
   2    1      1256756        80544         1504        83800 46384 46772 46384 46772 4258 3696   1   8  70  21   0   0
   1    1      1255844        78984         1512        82596 63360 62844 63360 62864 6183 5207   1   9  69  21   0   0
   0    1      1256952        76476         1512        82020 46352 47948 46352 47948 3523 3879   1  10  69  20   0   0
   0    1      1259672        76728         1512        81432 34316 36812 34316 36812 2291 2939   1   7  69  23   0   0
   0    1      1262216        78028         1512        81300 24532 27032 24760 27032 1980 2412   1   8  70  21   0   0
   0    1      1255600        79056         1512        80952 39716 32184 39716 32184 2789 3395   1   8  70  20   0   0
   0    1      1262332        83104         1508        80432 38740 44496 38740 44496 3822 3123   1   9  68  22   0   0
   0    1      1253940        77812         1508        79948 52252 42732 52252 42840 5005 4213   1   9  69  21   0   0
   0    1      1255472        78020         1508        78972 69424 66644 69424 66644 4596 5510   1  12  67  19   0   0
   0    1      1257172        75836         1508        79016 63776 62820 64660 62820 5379 5303   1  13  66  20   0   0
   2    1      1263580        76412         1508        82208 60288 63244 64124 63244 5669 5228   1  10  66  22   0   0
   1    0      1267380        79912         1508        81492 62192 64500 62192 64500 4238 4948   1  12  67  20   0   0
   0    1      1273028        76924         1508        80792 60444 63276 60444 63276 4971 4824   1  11  68  20   0   0
--procs-- -----------------------memory---------------------- ---swap-- -----io---- -system-- ----------cpu----------
   r    b         swpd         free         buff        cache   si   so    bi    bo   in   cs  us  sy  id  wa  st  gu
   0    2      1270404        77012         1508        82164 53032 49144 55028 49144 5306 4477   1  10  66  22   0   0
   1    0      1278480        83120         1508        86044 62752 70816 67208 70816 6397 5690   2  15  55  27   0   0
   2    0      1272220        79516         1508        85508 47512 42688 47512 42688 4723 3907   1   9  70  21   0   0
   0    1      1272696        82568         1488        84824 59632 61500 59632 61500 4836 4791   1  12  67  19   0   0
   0    1      1269188        80552         1488        84284 64616 62508 64616 62508 5336 5147   1  12  67  20   0   0
   0    1      1271488        79600         1488        83728 57300 60684 57300 60684 4469 4506   1  14  66  19   0   0
   0    1      1269456        80816         1488        83256 58628 57864 58932 57864 4624 4862   1  12  67  20   0   0
   1    1      1268024        83108         1488        82708 66684 64580 66684 64580 6326 5523   1  12  67  20   0   0
   1    1      1270692        77820         1488        82716 63936 65604 64504 65604 6298 5477   1  13  66  20   0   0
   1    0      1267672        78796         1488        82112 63472 60012 63476 60012 6307 5189   1   9  69  21   0   0
   2    0      1270852        82084         1488        81392 67584 69904 67584 69904 6481 5485   0  13  67  20   0   0
   1    0      1272320        78060         1488        82184 69164 66980 70744 66980 5680 5745   1  13  66  20   0   0
   1    0      1273492        79900         1488        81564 53536 52132 53548 52132 5393 4551   1  10  68  21   0   0
   0    1      1273440        74868         1488        81056 51780 48972 51780 48972 5169 4360   1   9  69  21   0   0
   0    1      1276408        78440         1464        80444 62044 62596 62128 62596 6200 5191   1  11  67  20   0   0
   0    1      1285524        82984         1416        79624 58216 65060 58224 65060 5608 4749   1  12  67  20   0   0
   0    1      1280252        81992         1372        78932 67504 60496 67572 60496 6653 5630   1  12  67  20   0   0
   0    1      1280412        81368         1364        78184 53032 52944 53084 52944 4415 4786   2  12  67  20   0   0
--procs-- -----------------------memory---------------------- ---swap-- -----io---- -system-- ----------cpu----------
   r    b         swpd         free         buff        cache   si   so    bi    bo   in   cs  us  sy  id  wa  st  gu
   1    1      1274684        80116         1336        77404 63564 60408 63584 60408 6381 5324   1  11  67  20   0   0
   1    0      1274944        83144         1272        76464 62800 65184 62808 65184 6395 5160   1  12  67  20   0   0
   1    0      1271396        80972         1168        75780 56356 53760 56356 53760 5543 4687   1  12  67  20   0   0
   1    0      1265996        81412         1124        74972 61144 60104 61144 60124 6099 5145   1  11  68  20   0   0
   0    1      1264172        77688         1124        74012 65932 62072 65932 62072 6519 5536   1  12  67  20   0   0
   0    1      1267368        79232         1124        73068 65936 68284 65936 68284 6495 5500   1  13  66  20   0   0
   1    1      1277864        79744         1132        72232 63112 71884 63280 71996 6244 5420   0  12  67  21   0   0
   0    1      1265304        78988         1132        71412 67684 52800 67712 52800 6241 5456   1  11  68  20   0   0
   1    0      1267224        77340         1132        69956 68784 69508 68784 69508 6646 5607   1  14  65  20   0   0
   0    1      1269660        74828         1132        69416 67480 65168 67480 65168 6674 5648   1  13  67  20   0   0
   0    1      1275724        80300         1132        69944 53568 56492 54164 56492 5330 4511   1  11  66  22   0   0
   1    2      1304308        88992         4020        80016 52576 77808 67072 77828 5910 5131   2  18  54  26   0   0
   2    0      1398104       142796         7684        89716 36704 128508 62224 128704 6048 5409   9  20  30  40   0   0
   0    1      1356444        95828         9820       103184 75500 31140 91444 31140 8156 7576  10  20  46  24   0   0
   0    1      1342680        87312        12300       101968 62380 47188 64860 47188 6013 5127   1  11  67  20   0   0
   0    1      1326840        75548        12296       100884 52512 38420 52512 38420 5448 4708   1  10  68  21   0   0
   2    0      1327760        81908        12248        99248 54756 59488 54756 59588 5529 4761   1  12  67  21   0   0
   1    0      1317164        77820        12248        97656 61932 52816 61932 52816 5188 5113   1  12  67  20   0   0
--procs-- -----------------------memory---------------------- ---swap-- -----io---- -system-- ----------cpu----------
   r    b         swpd         free         buff        cache   si   so    bi    bo   in   cs  us  sy  id  wa  st  gu
   2    1      1328480        82116        12248        95620 64804 79436 64804 79440 6172 5421   1  14  65  20   0   0
   0    1      1308096        75204        12248        94400 64412 47896 64412 47896 3728 5356   1  13  68  18   0   0
   0    1      1314724        79248        11868        97128 61792 66940 65944 66940 6434 5737   1  14  64  21   0   0
   0    1      1318480        84316        11184        97500 62740 66168 63924 66336 6310 5409   1  13  66  20   0   0
   0    1      1315704        82320        10756        96360 58416 53604 58416 53620 6012 4982   1  10  68  20   0   0
   0    1      1314356        81196        10756        95948 57796 55116 58784 55116 4802 5101   1  13  67  20   0   0
   1    1      1318228        79688        10756        94196 68608 69016 68620 69016 6125 5661   2  11  67  20   0   0
   0    1      1321728        77480        10756        92988 61476 61712 61564 61712 5430 5333   2  12  67  20   0   0
   1    0      1318448        78748        10756        91884 59648 52396 59676 52396 5805 5047   2  12  66  20   0   0
   0    1      1330048        81620        10648        90356 61392 69636 61392 69636 4232 5104   1  12  68  19   0   0
   0    1      1331964        86976        10928        90132 59140 59408 60536 59416 3958 5093   1  14  66  19   0   0
   0    1      1324580        79904        10828        89596 62060 53144 62364 53144 5729 4872   1  11  68  20   0   0
   0    1      1327120        80448        10748        88736 62700 63212 62700 63212 6007 5153   1  12  68  20   0   0
   2    1      1324548        76940        10692        87736 62828 60476 62828 60476 6329 5410   1   9  69  21   0   0
   0    1      1318472        74936        10692        86956 52364 48232 52364 48232 5323 4512   1  12  67  20   0   0
   0    1      1314312        75512        10568        86220 57668 56332 57864 56452 5959 5090   1  13  66  20   0   0
   1    0      1311412        78544        10404        85256 61180 63044 61180 63048 6258 5266   1  14  66  19   0   0
   0    1      1312456        82332         9896        84396 65800 68524 65800 68548 6497 5509   1  12  67  20   0   0
--procs-- -----------------------memory---------------------- ---swap-- -----io---- -system-- ----------cpu----------
   r    b         swpd         free         buff        cache   si   so    bi    bo   in   cs  us  sy  id  wa  st  gu
   1    1      1308900        81584         9208        84124 50620 48152 50620 48152 5023 4307   1   9  70  20   0   0
   0    1      1306968        79836         8288        84004 59852 56284 59852 56284 3790 5194   1  12  68  19   0   0
   0    1      1309120        79916         7944        86720 57016 56428 60320 56428 5982 5169   1  11  66  22   0   0
   0    0      1316776        76432         7412        96940 54640 61484 65484 61484 6128 5638   1  12  63  23   0   0
   0    2      1311316        74332         6700        96644 65332 57980 65804 57996 6588 5794   1  12  65  21   0   0
   0    1      1312780        80132         6072        96992 67780 71428 68964 71428 7130 6328   1  16  51  32   0   0
   0    1      1321440        86260         6012        95768 64924 70472 64924 70472 6585 5587   1  12  68  20   0   0
   0    2      1322152        78320         5952        97772 64276 61128 67496 61128 6583 5647   1  13  65  21   0   0
   0    1      1318324        74820         5884        97252 64972 57604 65292 57604 6312 5607   1  11  68  21   0   0
   1    0      1320420        78112         5836        96312 65776 66876 65776 66876 6366 5495   1  12  67  20   0   0
   1    0      1321344        79128         5776        95312 65204 65440 65204 65440 3887 5054   1  14  67  18   0   0
   0    1      1324876        85700         5712        94420 62884 65324 62908 65324 4642 5166   1  12  68  19   0   0
   0    1      1317344        79280         5664        94052 54388 46052 54532 46052 3926 4815   2  13  66  19   0   0
   0    1      1313604        80448         5572        93436 60136 59820 60136 59820 5981 5086   1  13  66  20   0   0
   0    1      1311768        78856         5388        92924 61740 60612 61740 60636 6089 5128   1  11  67  21   0   0
   0    1      1312176        79224         5040        92760 51760 55908 51760 55908 5537 4433   1  10  69  20   0   0
   1    1      1299500        76704         4732        92120 58832 49252 58832 49252 5675 4826   1  11  68  20   0   0
   0    1      1304964        77864         4592        92208 53172 56232 54064 56232 5249 4517   1  13  66  20   0   0
--procs-- -----------------------memory---------------------- ---swap-- -----io---- -system-- ----------cpu----------
   r    b         swpd         free         buff        cache   si   so    bi    bo   in   cs  us  sy  id  wa  st  gu
   0    1      1303808        78484         4348        91148 61360 56148 61360 56148 5930 5195   1  12  67  20   0   0
   0    1      1308768        78488         4100        90504 56344 56600 56344 56612 5614 4709   1  12  67  20   0   0
   0    1      1309644        77480         3856        90112 65024 62300 65024 62300 6592 5570   1  13  67  20   0   0
   0    1      1315132        79968         3616        89880 58500 62176 58600 62176 5993 5166   1  13  67  20   0   0
   0    1      1310120        77464         3412        90296 58804 55168 59480 55168 5876 5076   1  12  66  21   0   0
   1    0      1314588        79988         3196        89324 57068 56900 57068 56900 5670 4833   1  12  67  20   0   0
   1    1      1307540        80996         2652        81036 59872 48352 59872 48352 5672 5141   1  11  67  21   0   0
   0    1      1304128        78736         2468        76196 59160 52652 59160 52652 6070 4939   2  11  67  20   0   0
   2    1      1294532        79492         1876        68016 67160 53560 67276 53560 6850 5627   1  14  66  20   0   0
   1    2      1318920       103236         1860        63324 60296 83180 60868 83180 6606 5090   2  14  62  22   0   0
   4    1      1291692        81848         1860        67608 57284 31480 61540 31480 5463 4882   1  11  64  23   0   0
   0    2      1297372        79120         1788        71144 58276 60148 62128 60148 6968 6414  13  18  43  26   0   0
   0    2      1289448        87708         1740        66484 57224 51036 57436 51184 6104 5110   1  13  64  21   0   0
   1    0      1278000        85200         1552        60560 62556 52012 62556 52028 6443 5366   1  15  64  20   0   0
   1    2      1266220        80028         1300        54520 62956 48844 66016 48844 6564 6415   1  19  49  31   0   0
   0    1      1273640        81508         1276        67056 51744 61696 68616 61696 5382 4800   1  21  53  25   0   0
   0    1      1264136        78760         1276        61644 56240 44816 56788 44816 5651 4818   1  18  59  21   0   0
   0    1      1278884        88604         1268        58300 60084 68332 62972 68332 6298 5262   1  13  64  22   0   0
--procs-- -----------------------memory---------------------- ---swap-- -----io---- -system-- ----------cpu----------
   r    b         swpd         free         buff        cache   si   so    bi    bo   in   cs  us  sy  id  wa  st  gu
   0    1      1306076       120096         1240        53372 53880 75212 53944 75212 5251 5010   1  13  63  23   0   0
   0    2      1277112        82052         1284        56580 66428 30312 69912 30312 6350 5763   1  10  67  22   0   0
   0    1      1290376        76292         1296        73112 58276 65416 75208 65416 6478 5806   1  14  57  28   0   0
   0    1      1302136        80360         1296        72644 58732 66960 58732 66960 3778 5185   0  13  67  19   0   0
   1    1      1309856        88488         1296        76356 51012 61348 55256 61348 3973 4552   1  12  63  23   0   0
   0    1      1299276        76396         1300        79308 63416 47520 66740 47520 6356 5460   1  11  66  22   0   0
   0    1      1309356        80448         1300        78548 59324 63380 59324 63380 6227 5115   2  13  65  21   0   0
   0    1      1309020        77700         1300        78240 53860 52120 53860 52120 5739 4617   1   9  69  21   0   0
   0    1      1309092        76208         1300        77664 53508 50404 53508 50404 5481 4708   2  11  67  20   0   0
   0    1      1316556        80824         1300        77844 56732 63652 57220 63652 6102 5136   1  11  67  21   0   0
   0    1      1313684        82856         1308        77636 48412 46620 48412 46728 5006 4139   1  12  66  21   0   0
   1    1      1312132        79120         1300        77364 62296 61308 62296 61308 6474 5387   1  14  65  20   0   0
   0    1      1315296        83724         1300        77172 43672 45788 43672 45788 4740 4090   1  10  66  23   0   0
   0    1      1313908        77928         1300        76676 59548 57044 59548 57044 6367 5102   1  11  68  20   0   0
   1    0      1309780        79324         1300        76252 50136 47400 50136 47400 5063 4964   1  11  68  20   0   0
   1    1      1305732        76060         1300        75540 61788 59656 61788 59668 6442 5339   1  11  67  21   0   0
   1    0      1309304        77604         1300        74612 62096 60172 62096 60172 6557 5607   1  15  64  20   0   0
   0    1      1316316        75344         1300        74292 61524 62208 61524 62208 6062 5232   2  11  68  20   0   0
--procs-- -----------------------memory---------------------- ---swap-- -----io---- -system-- ----------cpu----------
   r    b         swpd         free         buff        cache   si   so    bi    bo   in   cs  us  sy  id  wa  st  gu
   2    0      1322440        82156         1272        74004 63348 67452 63348 67452 6348 5263   1  10  68  21   0   0
   0    1      1331592        82664         1272        73240 59916 61348 59916 61348 6387 5428   1  11  68  21   0   0
   0    1      1331992        81116         1272        72676 58392 53708 58392 53708 6378 5497   1  11  67  20   0   0
   0    1      1335680        79948         1284        75788 53960 54432 57600 54432 5838 5215   1  11  66  22   0   0
   0    1      1330732        74500         1284        75272 53760 48072 53760 48072 5438 4789   1  11  67  21   0   0
   1    1      1342416        79820         1280        74140 50988 57120 50988 57120 4910 4780   1  11  68  21   0   0
   0    1      1350728        85112         1280        73592 52632 56812 52632 56812 5793 4840   1  11  68  21   0   0
   0    1      1348608        78824         1280        73172 56088 51984 56088 51984 4943 4796   1  10  69  20   0   0
   0    1      1353020        82104         1288        75564 47476 50936 50460 50964 5452 4702   2  11  64  23   0   0
   0    1      1356288        75524         1288        85716 57468 60688 64440 60688 6620 5703   6  14  52  28   0   0
   1    0      1355304        77300         1284        85172 60200 61728 60200 61728 6443 5266   1  11  67  21   0   0
   0    1      1353704        78176         1284        84648 56320 56244 56320 56244 5252 4960   1  12  68  19   0   0
   0    1      1349324        75376         1284        84244 45652 40864 45652 40864 4954 4173   1   9  68  22   0   0
   3    0      1350248        74664         1284        87676 52620 55780 56616 55796 4699 5285   1  13  64  22   0   0
   0    1      1357944        78464         1284        89384 61168 67256 63316 67256 5632 6547   2  14  52  32   0   0
   1    2      1355524        85272         1284        88944 49412 55228 49412 55228 5473 4688   1  12  66  20   0   0
   2    0      1354304        82252         1284        88284 58820 55136 58820 55136 6326 5478   1  13  66  20   0   0
   0    1      1361628        84872         1284        87472 62640 65264 62640 65264 5741 5477   1  13  67  19   0   0
--procs-- -----------------------memory---------------------- ---swap-- -----io---- -system-- ----------cpu----------
   r    b         swpd         free         buff        cache   si   so    bi    bo   in   cs  us  sy  id  wa  st  gu
   1    1      1356804        76568         1284        87032 63396 55152 63396 55152 6059 5501   1  12  66  20   0   0
   1    0      1357168        74404         1284        86560 60308 56284 60308 56284 6283 5181   1  11  68  21   0   0
   0    1      1366580        76680         1284        86160 51824 56108 51824 56108 4657 4895   1  10  69  20   0   0
   0    1      1375276        83016         1284        85588 53752 57856 53752 57856 4165 4954   1  11  68  20   0   0
   0    1      1369744        77596         1284        85044 57164 50228 57164 50228 5707 5101   1  12  67  21   0   0
   1    1      1377740        82672         1284        84372 54508 60424 54508 60424 4324 5088   1  14  66  19   0   0
   1    0      1374644        80800         1284        83420 51728 45116 51728 45116 5302 4771   1  10  68  21   0   0
   0    1      1380432        85300         1284        83016 53680 57292 53680 57388 6123 4742   2  10  68  20   0   0
   0    1      1372692        77764         1284        82556 57648 50248 57648 50248 5910 4957   2  10  68  20   0   0
   0    1      1377292        79472         1284        82256 48628 54152 48628 54152 4920 4316   1  12  67  20   0   0
   0    1      1372492        77696         1284        82176 50416 46760 50616 46760 5117 4442   1  10  68  21   0   0
   0    1      1372844        80728         1284        81468 52708 55320 52708 55320 5251 4841   1  12  67  20   0   0
   1    0      1364132        75984         1284        80852 56984 50388 56984 50388 5646 5135   1  14  65  20   0   0
   0    1      1367936        81056         1284        80324 43968 47196 43968 47196 4221 4095   1  11  67  21   0   0
   5    0      1366812        78120         1284        79784 43924 43064 43924 43064 4158 4062   2   7  69  23   0   0
   1    0      1370744        82640         1284        80140 50828 54340 52036 54340 5468 4730   1  14  65  21   0   0
   0    1      1364972        78328         1284        79668 55716 50328 55716 50328 6059 5263   1  13  66  20   0   0
   0    1      1358500        78076         1284        79256 42864 41208 43112 41208 3774 4158   1  11  68  19   0   0
--procs-- -----------------------memory---------------------- ---swap-- -----io---- -system-- ----------cpu----------
   r    b         swpd         free         buff        cache   si   so    bi    bo   in   cs  us  sy  id  wa  st  gu
   1    1      1367372        81108         1284        78480 54244 59072 54244 59072 5918 5229   1  13  66  20   0   0
   0    1      1369068        77700         1284        77908 61800 57444 61800 57444 6428 5622   1  13  66  20   0   0
   1    0      1377644        85208         1284        77732 53508 60220 54068 60220 5262 5047   1  14  65  20   0   0
   0    1      1375940        78804         1284        77380 53456 45404 53456 45404 5609 4851   1  12  67  21   0   0
   0    1      1380936        77556         1284        76712 60828 59828 60828 59828 6691 5715   1  11  67  20   0   0
   0    1      1394580        84864         1292        75968 58376 65412 58376 65432 5895 5622   1  14  66  20   0   0
   0    1      1390864        81056         1292        75468 53288 48508 53288 48508 4547 5085   1  11  69  20   0   0
   0    1      1388840        77792         1292        75052 54544 51128 54660 51128 5259 5184   1  11  68  20   0   0
   0    1      1393364        81864         1292        74428 55248 59452 55248 59452 6041 5278   1  11  68  21   0   0
   0    1      1395024        84188         1292        74016 55460 55344 55460 55344 6047 5030   1  11  68  20   0   0
   0    1      1384372        74876         1292        73648 53792 44076 53920 44088 5601 4817   1   9  69  21   0   0
   1    1      1390040        81428         1292        75308 47536 55572 49704 55572 4590 4510   1  12  66  20   0   0
   0    1      1384216        79156         1292        74800 52504 48176 52504 48176 5019 4889   1  13  67  19   0   0
   0    1      1382828        79812         1292        74432 50532 52124 50532 52124 4928 4723   1  12  66  20   0   0
   1    1      1384380        79132         1292        73904 47168 46952 47168 46948 4683 4443   1   9  70  21   0   0
   0    0      1382900        80408         1292        73472 51924 52264 51924 52268 5631 5018   1  13  66  20   0   0
   0    1      1389020        83908         1304        73004 46640 52108 46644 52148 5056 4308   1  12  66  20   0   0
   1    0      1379868        77600         1304        72596 49860 41364 49860 41364 5283 4872   0  12  67  21   0   0
--procs-- -----------------------memory---------------------- ---swap-- -----io---- -system-- ----------cpu----------
   r    b         swpd         free         buff        cache   si   so    bi    bo   in   cs  us  sy  id  wa  st  gu
   1    1      1382328        77712         1304        72260 46124 47176 46124 47176 5361 4800   1  11  68  20   0   0
   0    1      1384372        81000         1304        71840 47316 50352 47316 50352 5479 4649   1  11  67  21   0   0
   0    1      1387124        76972         1304        71348 56768 52812 56768 52948 5904 5505   1  12  67  20   0   0
   0    1      1391548        77980         1312        71008 54412 52796 54412 52812 6069 5237   0  12  67  20   0   0
   1    1      1388988        74236         1312        70628 55280 51680 55280 51680 6240 5385   1  14  65  20   0   0
   0    1      1401196        79288         1312        70304 56728 62316 56728 62316 6356 5336   1  11  68  21   0   0
   2    1      1402832        76556         1312        69964 53856 51552 53856 51552 6228 5355   1  11  67  21   0   0
   0    1      1406984        79924         1312        69692 48320 49520 48320 49520 5634 4860   1  11  68  21   0   0
   0    1      1402776        76948         1312        70036 51760 47560 52304 47568 5966 5084   1  12  66  21   0   0
   0    1      1403696        79164         1312        69896 50112 51784 50252 51784 5974 5048   1  12  66  21   0   0
   1    0      1409940        81448         1312        69568 46648 52436 46648 52436 4838 4414   1  11  67  21   0   0
   0    1      1402884        77944         1312        69488 43636 38024 43760 38024 4607 4174   1   9  68  21   0   0
   2    0      1402788        79464         1312        69196 44548 46316 44548 46316 4658 4494   1  11  68  21   0   0
   0    1      1405824        81084         1312        68920 46916 49056 46916 49056 3259 4432   1  12  68  19   0   0
   2    1      1451396        78168         5908        95176 34220 78696 65808 78696 4903 5456   7  18  38  38   0   0
   0    1      1456188        85488         6420       107960 45472 49248 59312 49252 5157 5818  10  15  47  28   0   0
   1    0      1446048        76964         6420       107104 50140 40844 50140 40844 3420 4735   1  11  69  20   0   0
   0    2      1448516        84280         6420       108980 49696 57968 52752 57968 5805 5297   1  14  55  29   0   0
--procs-- -----------------------memory---------------------- ---swap-- -----io---- -system-- ----------cpu----------
   r    b         swpd         free         buff        cache   si   so    bi    bo   in   cs  us  sy  id  wa  st  gu
   2    0      1441224        79516         6412       107744 63400 57200 63408 57200 6867 6441   1  14  56  29   0   0
   0    1      1441104        78724         6404       106720 51040 50564 51224 50628 5873 5092   1  12  65  22   0   0
   1    1      1441824        77920         6392       105628 56256 55220 56256 55220 6415 5319   1  11  67  21   0   0
   0    1      1443036        80184         6388       104868 41652 42696 41652 42696 5015 4325   1  10  68  21   0   0
   1    1      1442688        78432         6388       103816 52284 49236 52284 49236 6049 5091   0  12  67  21   0   0
   1    0      1444668        78684         6388       102680 50080 47752 50084 47752 6080 5241   1  11  67  21   0   0
   1    0      1451160        81420         6384       102084 49592 50008 50272 50064 5132 5160   2  13  65  20   0   0
   1    0      1452408        76888         6380       101120 48048 44516 48056 44516 4237 4695   1  12  68  19   0   0
   0    0      1457304        82896         6376       100332 37508 41868 37508 41868 4599 3806   1  12  67  21   0   0
   1    1      1457672        80156         6376        99368 49032 46120 49036 46120 3784 4801   1  12  69  18   0   0
   0    1      1459044        82756         6368        98464 46504 44224 46508 44224 5113 4555   0  10  69  21   0   0
   0    1      1458900        80848         6360        98800 43084 44172 44196 44172 5284 4494   1  12  66  21   0   0
   1    1      1456568        77724         6360        98464 45548 41868 45548 41868 5317 4587   1  11  67  21   0   0
   1    0      1454036        80940         6356        97548 49552 50392 49552 50392 5305 4997   1  13  66  20   0   0
   1    0      1451728        79664         6348        96512 43372 41828 43372 41828 4111 4255   1  11  67  20   0   0
   1    0      1448312        80564         6348        95536 50220 47944 50316 47944 5311 4893   1  12  67  20   0   0
   1    0      1451892        83120         6348        94632 49280 52080 49664 52080 5404 5393   1  13  66  20   0   0
   0    1      1449068        81868         6348        93628 48308 44768 48308 44768 5516 4865   1  12  67  20   0   0
--procs-- -----------------------memory---------------------- ---swap-- -----io---- -system-- ----------cpu----------
   r    b         swpd         free         buff        cache   si   so    bi    bo   in   cs  us  sy  id  wa  st  gu
   1    1      1448788        81272         6348        92672 46428 43888 46428 43888 4155 4445   1  10  69  20   0   0
   1    0      1445024        78248         6348        91452 55744 51420 55744 51420 4967 4937   1  12  67  19   0   0
   0    0      1446128        79808         6348        89960 55264 53584 55264 53736 5181 4989   1  14  65  19   0   0
   1    0      1445304        80604         6348        89380 42168 39412 42276 39412 4965 4486   1  11  66  21   0   0
   1    1      1446040        80620         6348        88332 41752 43372 41752 43372 4361 4214   0  11  67  21   0   0
   0    1      1444316        81700         6348        87764 39904 37656 39904 37656 3686 4443   1  10  69  20   0   0
   1    1      1440072        77936         6348        87188 50568 45296 50568 45296 5732 4957   1   9  69  21   0   0
   1    0      1438904        74668         6344        86400 48952 46016 48952 46016 5815 5001   0  11  66  22   0   0
   0    1      1450648        80492         6340        85364 54208 59228 54280 59228 6698 5423   1  13  66  20   0   0
   0    1      1450640        79496         6340        84616 44392 41360 44392 41360 5155 4433   1   9  69  21   0   0
   0    1      1451400        78740         6340        83804 49056 46824 49056 46824 5643 4716   1  10  68  20   0   0
   1    0      1455440        75968         6328        82972 48744 47688 48744 47688 5453 4897   1  10  68  21   0   0
   0    1      1461500        79512         6024        82568 52592 52588 52592 52588 6019 5174   1  12  67  21   0   0
   0    1      1465592        84984         5712        82100 44808 49584 44924 49584 5795 4728   0  13  67  20   0   0
   0    0      1459968        79428         5504        81992 38004 33468 38004 33468 4630 4110   1   9  68  22   0   0
   0    1      1461184        77916         5280        81656 39548 38292 39548 38320 4455 4068   1  10  68  22   0   0
   1    1      1456592        75168         5048        81508 45600 42428 45700 42428 5648 4823   2   9  68  21   0   0
   1    1      1455336        77328         4824        81228 40532 40700 40532 40832 4942 4123   1  10  68  21   0   0
--procs-- -----------------------memory---------------------- ---swap-- -----io---- -system-- ----------cpu----------
   r    b         swpd         free         buff        cache   si   so    bi    bo   in   cs  us  sy  id  wa  st  gu
   0    1      1455856        78904         4704        80800 38840 39420 38840 39420 4359 4011   1  11  68  21   0   0
   0    1      1449680        76460         4608        80500 40924 37160 40924 37160 3232 4149   1  11  69  19   0   0
   0    1      1448936        76476         4564        80420 38648 37676 38904 37676 3349 3839   0  11  68  20   0   0
   1    0      1454220        78952         4368        80168 42592 46336 42680 46336 3745 4336   0  12  66  22   0   0
   1    1      1453872        82336         4272        79996 38020 39976 38020 39996 3204 3981   1  10  69  20   0   0
   2    1      1453592        79608         4180        79792 27464 26824 27464 26824 3320 3175   1   8  69  22   0   0
   1    1      1451436        77712         4096        79472 40112 33932 40112 33932 4305 4058   1  10  68  22   0   0
   0    1      1454444        81496         4052        78908 44604 49096 44604 49096 4932 4473   1  12  66  21   0   0
   0    1      1456008        79012         4052        78516 38400 37436 38400 37436 3746 4003   1  11  68  20   0   0
   0    1      1453856        76760         4052        75344 47680 40036 47680 40048 4990 4670   1  11  68  20   0   0
   1    1      1455088        79292         4044        72836 39472 39236 39472 39236 4565 3965   1  12  66  21   0   0
   0    1      1470280        95688         3016        70488 42176 53752 42176 53752 4661 3914   1  10  68  21   0   0
   0    1      1453664        82944         2356        69020 49700 32604 49700 32604 5505 4701   1   9  69  21   0   0
   0    1      1461624        86744         2112        68204 42664 46676 42664 46676 4936 4488   0  13  66  21   0   0
   0    1      1486184       108180         1644        64804 37240 60364 37240 60364 3408 3763   1  14  65  20   0   0
   1    0      1454116        77696         1624        66372 50016 15592 52012 15592 4339 4980   1   8  69  22   0   0
   0    1      1449564        79952         1548        63860 41540 36940 41544 36940 4451 4086   1  13  65  21   0   0
   0    1      1448796        78236         1532        61760 49572 43036 49672 43036 5399 4908   2  13  65  21   0   0
--procs-- -----------------------memory---------------------- ---swap-- -----io---- -system-- ----------cpu----------
   r    b         swpd         free         buff        cache   si   so    bi    bo   in   cs  us  sy  id  wa  st  gu
   2    0      1446720        78460         1500        58264 44052 38796 44052 38796 4827 4523   1  13  66  21   0   0
   0    0      1453624        86336         1480        55288 43680 48572 43680 48572 5040 4556   1  14  66  20   0   0
   1    3      1460688        77316         1256        70308 39648 47440 57000 47440 5594 5547   1  18  53  27   0   0
   2    2      1467448        77708         1348        78952 39476 42612 48936 43104 5102 5095   5  16  50  30   0   0
   0    1      1471000        81008         1348        79064 47724 47616 48876 47616 6771 5504   6  15  51  28   0   0
   1    1      1477732       101752         1348        72756 41316 53092 42104 53092 5507 4616   1  17  61  20   0   0
   0    1      1457368        88660         1348        67192 39436 16756 39824 16756 3989 4051   1  10  67  22   0   0
   1    1      1448232        76064         1344        71616 33904 25828 42404 25828 4371 4056   0  13  62  25   0   0
   1    1      1446856        77424         2420        83472 31360 26644 44776 26680 4911 4906   4  15  51  30   0   0
   0    2      1459964        77684         2420        88732 43296 46632 49044 46632 6698 7412   2  13  47  38   0   0
   0    0      1466480        79960         2420        88524 29760 31280 29760 31280 3973 3700   0  10  67  22   0   0
   0    1      1474044        80512         2420        88228 32740 34416 32740 34440 3424 3839   1  10  69  20   0   0
   1    1      1479984        78536         2420        88252 35536 35392 35964 35392 4413 4282   1  12  66  21   0   0
   0    1      1485200        78808         2420        88020 42128 40672 42128 40672 4413 4567   1  10  69  20   0   0
   2    2      1492664        82084         2420        87256 44864 47192 44972 47192 5605 4815   1  10  69  21   0   0
   0    1      1502472        86880         2420        86660 38440 45672 38440 45672 4729 3983   1  11  67  21   0   0
   0    1      1496564        80084         2420        86176 43336 35144 43336 35144 5235 4653   1  10  67  22   0   0
   0    1      1491364        75728         2420        85504 41796 38168 41796 38168 5129 4367   1  12  66  21   0   0
--procs-- -----------------------memory---------------------- ---swap-- -----io---- -system-- ----------cpu----------
   r    b         swpd         free         buff        cache   si   so    bi    bo   in   cs  us  sy  id  wa  st  gu
   1    0      1490680        80020         2420        85484 44528 44412 45092 44412 5280 4542   1  12  65  21   0   0
   1    0      1490168        84304         2396        84872 38284 40512 38284 40512 3688 3865   1  10  69  20   0   0
   0    1      1492440        87076         2312        84336 45892 49784 45892 49784 4886 4557   1  13  66  20   0   0
   2    1      1488268        80276         2312        83244 52000 42916 52000 42916 5517 4983   1  12  67  20   0   0
   2    0      1495744        84156         2312        82660 50324 52908 50324 52908 4726 5063   1  13  67  20   0   0
   1    0      1492824        82732         2312        82244 37624 35204 37624 35204 2808 3714   1  10  70  19   0   0
   1    0      1495744        80248         2312        81908 33860 34116 33860 34116 3827 3712   1   9  69  21   0   0
   0    1      1496708        80516         2312        81468 37112 35420 37112 35420 3102 3638   1   9  71  20   0   0
   0    1      1501380        82828         2312        80616 50380 49992 50380 49992 5837 5049   1  12  67  20   0   0
   0    1      1514368        86260         2996        86012 41936 49484 48900 49492 5912 5138   1  12  64  24   0   0
   0    1      1501256        79484         2348        84132 45544 34672 45544 34672 5482 4768   1   7  70  21   0   0
   1    0      1505888        83032         2348        83720 45212 48676 45216 48676 5914 4909   1  10  68  21   0   0
   0    1      1501968        80532         2344        83212 41888 40084 41888 40084 5403 4647   1  10  67  22   0   0
   1    0      1497488        74444         2344        82020 48824 40296 48824 40296 5862 5178   1  12  66  21   0   0
   0    1      1512248        87028         2352        81864 39984 52772 40672 52836 5465 4863   1  13  64  22   0   0
   1    1      1508524        78968         2352        84164 41608 37360 42920 37360 5384 5051   3  12  62  23   0   0
   3    2      1521204        81000         2376        93848 41100 49344 44452 49344 5508 5254  13  14  41  32   0   0
   0    1      1526524        79240         2348        94560 35420 35560 35712 35560 4949 4151   3   8  66  23   0   0
--procs-- -----------------------memory---------------------- ---swap-- -----io---- -system-- ----------cpu----------
   r    b         swpd         free         buff        cache   si   so    bi    bo   in   cs  us  sy  id  wa  st  gu
   1    1      1533436        80140         2348        93700 33628 34824 33628 34824 4279 4159   1  11  68  21   0   0
   0    1      1538524        80216         2348        94208 32436 32808 33416 32808 4270 3802   1  10  67  22   0   0
   0    1      1545496        82588         2348        93920 43176 44764 43556 44816 5651 5034   1  12  65  21   0   0
   1    0      1540248        76796         2348        93476 35536 30128 35536 30128 3475 4026   0   9  70  21   0   0
   0    1      1544104        76868         2348        93216 39880 38924 40264 38924 4478 4525   1  12  66  21   0   0
   0    1      1558508        81960         2348        95008 42664 49744 45196 49744 5865 5128   1  12  66  22   0   0
   0    1      1559736        75948         2348        93872 42776 39412 42880 39412 4755 4976   1  10  68  21   0   0
   0    1      1559576        79752         2348        93412 34400 34600 34400 34604 4662 4186   1  10  67  22   0   0
   0    1      1566320        82280         2356        93036 31252 34352 31252 34376 3506 3979   1  11  67  22   0   0
   0    1      1562124        78120         2356        92716 34820 28556 34820 28556 3492 4150   0   9  69  21   0   0
   1    0      1567460        78880         2356        92068 35860 37904 35860 37904 3665 4232   0  11  69  20   0   0
   0    1      1572356        83676         2356        91632 38780 40768 38780 40768 4958 4674   1  12  67  20   0   0
   0    1      1572420        80156         2356        91120 46372 43264 46372 43264 6184 4957   1   9  69  21   0   0
   0    1      1577604        81688         2356        90316 42056 43108 42056 43124 5518 4900   1  11  67  21   0   0
   1    1      1581604        80432         2356        89812 45016 44696 45016 44696 4914 4718   0  13  67  20   0   0
   0    1      1588724        83960         2356        89288 38432 40764 38432 40764 3431 4168   1  10  70  20   0   0
   1    0      1584476        78676         2356        88892 37004 32212 37004 32212 4777 3993   1   9  69  21   0   0
   0    1      1586040        83220         2356        88744 29908 32044 29908 32044 4094 3481   1   7  70  22   0   0
--procs-- -----------------------memory---------------------- ---swap-- -----io---- -system-- ----------cpu----------
   r    b         swpd         free         buff        cache   si   so    bi    bo   in   cs  us  sy  id  wa  st  gu
   1    1      1593452        87012         2356        88224 42740 47372 42740 47372 5792 4683   1   9  68  21   0   0
   0    1      1587172        79740         2356        87856 43056 34712 43056 34712 4550 4995   0   9  70  20   0   0
   0    1      1595400        83812         2356        87456 40100 45356 40100 45356 3594 4490   1  12  69  18   0   0
   0    0      1595520        85868         2356        86964 32552 32804 32552 32804 3959 4105   0  10  69  20   0   0
   0    1      1583560        77544         2356        86604 41976 33512 41976 33720 5483 4912   1  10  67  22   0   0
   0    1      1591344        86020         2356        86276 30936 41104 30936 41104 3855 3854   1   9  69  21   0   0
   0    1      1587940        81996         2356        86056 35092 30092 35092 30092 4644 4100   1   9  67  22   0   0
   0    1      1584112        78980         2356        85828 34380 31420 34380 31420 3601 3872   1   9  70  21   0   0
   0    1      1597672        82540         2340        93928 27268 41400 35392 41892 4356 4467   1  12  63  24   0   0
   0    1      1602572        81336         2340        97848 35028 35480 39092 35480 4933 4458   1  10  66  23   0   0
   0    1      1600604        82376         2340        97700 32840 32256 32840 32256 4523 3938   1   9  68  22   0   0
   1    1      1604924        79624         2340        97200 38512 37048 38512 37048 4717 4262   1   9  69  21   0   0
   1    1      1610704        80408         2340        98320 33712 35708 35172 35708 4497 4728   1  10  64  26   0   0
   0    1      1616968        83704         2340        97912 43652 43852 43912 43852 6429 5995   2  13  54  30   0   0
   0    2      1622168        77956         2348        97492 40872 40516 40872 40540 5522 4876   1  11  67  22   0   0
   2    1      1620744        74952         2340        96940 44904 37560 44904 37560 5867 5050   1   9  69  21   0   0
   0    1      1621252        80004         2340        96244 38388 42500 38388 42500 5276 4633   1  11  67  22   0   0
   1    0      1625792        81768         2340        95900 35356 37252 35496 37252 4613 4155   0  10  68  22   0   0
--procs-- -----------------------memory---------------------- ---swap-- -----io---- -system-- ----------cpu----------
   r    b         swpd         free         buff        cache   si   so    bi    bo   in   cs  us  sy  id  wa  st  gu
   2    0      1631316        81772         2340        95392 44624 43700 44680 43808 5926 5102   1  10  67  22   0   0
   0    1      1637580        79508         2340        94956 39904 40896 39904 40896 4879 4463   1   9  69  22   0   0
   0    1      1637460        80564         2340        94588 35612 32452 35612 32452 5012 4507   1   9  70  21   0   0
   1    0      1633584        74916         2340        94248 38880 34356 38880 34356 5570 4673   1   8  69  21   0   0
   0    1      1638824        79708         2348        93768 39188 43172 39200 43196 5576 4929   1  11  66  22   0   0
   0    0      1643668        84288         2316        93828 36128 38852 36504 38852 5356 4574   1  13  65  21   0   0
   0    1      1642972        82292         2264        93544 38376 36944 38376 36944 5334 4660   0  11  67  22   0   0
   0    1      1643188        77512         2264        93312 38488 34976 38488 34976 4956 4311   0  10  67  22   0   0
   2    0      1641724        80304         2264        92996 34672 34932 34672 34932 4572 4032   1  11  67  22   0   0
   1    1      1641812        77048         2264        92328 46448 43212 46448 43212 6145 5340   1  12  66  21   0   0
   0    1      1642904        74928         2264        92464 36320 35460 36940 35460 4581 4626   1  10  68  22   0   0
   1    0      1654680        86100         2264        91356 41812 51336 41824 51336 5177 4707   1  14  65  20   0   0
   0    1      1640428        77032         2264        90640 39308 27260 39308 27260 5364 4767   1  10  68  21   0   0
   0    1      1644404        80816         2260        89852 39304 44912 39304 44912 4797 4730   1  11  67  22   0   0
   0    1      1645444        81628         2260        89140 39288 38664 39288 38664 4341 4628   1  10  68  21   0   0
   1    1      1636656        74104         2260        89724 27000 20344 27972 20344 3929 3429   1   9  69  22   0   0
   0    1      1646756        83200         2260        88948 38816 46760 38816 46760 5597 4473   1  10  68  21   0   0
   0    1      1643256        78448         2260        88488 38716 33372 38760 33372 5507 4758   1  10  68  22   0   0
--procs-- -----------------------memory---------------------- ---swap-- -----io---- -system-- ----------cpu----------
   r    b         swpd         free         buff        cache   si   so    bi    bo   in   cs  us  sy  id  wa  st  gu
   2    0      1652328        85512         2260        87632 37460 44956 37460 44956 5395 4691   1  11  67  21   0   0
   0    1      1642320        75812         2260        87636 40896 30668 41440 30668 5629 5302   1   9  69  22   0   0
   0    1      1642880        79868         2260        87220 34152 36672 34152 36672 5098 4232   1  11  67  21   0   0
   0    1      1646780        81472         2260        86544 35840 36860 35840 36860 4626 4008   1   9  69  21   0   0
   0    1      1647304        77192         2260        86160 32832 30052 32832 30052 4525 3791   0  10  69  21   0   0
   1    0      1647392        78632         2268        86104 30300 29656 30648 29672 4282 3827   1   9  67  23   0   0
   1    0      1657140        85940         2268        85204 38380 43888 38380 43888 5344 4641   1  12  65  22   0   0
   0    1      1656256        81980         2268        84716 33484 30220 33484 30236 4688 4293   1   9  69  22   0   0
   1    1      1660544        82616         2268        83952 41820 41540 41820 41540 5813 5048   1  10  67  22   0   0
   1    1      1664312        81888         2268        83416 36868 36204 36868 36204 5215 4613   0  11  68  22   0   0
   0    1      1665640        79620         2264        83144 34956 33636 34956 33636 4929 4374   1   9  68  22   0   0
   0    1      1666320        80948         2272        83000 39072 37568 39440 37588 5551 4963   1  10  67  22   0   0
   0    1      1668088        78840         2272        82620 29864 29524 29864 29524 3846 3897   1  12  67  21   0   0
   1    0      1667320        76600         2272        82228 32492 29944 32492 29944 4592 4350   1   8  69  22   0   0
   1    1      1671116        77340         2272        81828 33128 34100 33128 34100 4619 4098   1  10  68  22   0   0
   0    1      1674792        79132         2272        81668 28156 30004 28156 30004 4105 3729   1   9  68  22   0   0
   0    1      1682128        80652         2280        81260 36988 39104 36988 39132 4932 4387   1  12  66  21   0   0
   0    1      1684236        84264         2280        80912 29300 31432 29300 31432 4402 3904   1  12  66  21   0   0
--procs-- -----------------------memory---------------------- ---swap-- -----io---- -system-- ----------cpu----------
   r    b         swpd         free         buff        cache   si   so    bi    bo   in   cs  us  sy  id  wa  st  gu
   1    1      1684820        82260         2272        80584 30208 30580 30208 30580 3758 4187   1   9  69  21   0   0
   1    1      1677516        79764         2268        80412 30060 23152 30060 23152 4393 4259   1   9  68  22   0   0
   0    1      1679036        84048         2244        79924 31472 35728 31472 35864 4295 3792   1  10  67  22   0   0
   0    1      1676344        77324         2244        79768 32560 27816 32560 27816 4337 4258   1   9  69  21   0   0
   1    0      1673324        74196         2240        79532 30376 27732 30376 27732 4454 3948   1  10  68  22   0   0
   0    0      1682796        83848         2236        79340 27292 35284 27292 35284 4014 3328   1   8  69  22   0   0
   0    1      1680516        81216         2224        78864 32148 28964 32148 28964 4450 4103   1   9  69  21   0   0
   0    2      1682652        81984         2224        78524 34884 36684 34884 36696 4322 4414   1  10  69  21   0   0
   2    0      1678756        79464         2216        78192 40284 35556 40284 35556 5408 4821   1  11  68  21   0   0
   0    1      1675304        78792         2216        78040 29536 25612 29536 25612 4099 3740   1   9  68  22   0   0
   0    1      1677364        80376         2208        77660 38224 42044 38224 42044 5228 4718   1  12  65  22   0   0
   0    1      1684612        82904         2204        77308 35072 40396 35072 40396 4585 4676   1  10  68  21   0   0
   0    1      1683004        80136         2188        76940 34968 31048 34968 31048 4699 4450   1  10  69  21   0   0
   0    1      1685708        81896         2164        76508 39100 38108 39100 38108 4893 4885   1  10  68  21   0   0
   1    1      1686588        80432         2156        78968 31768 33824 34524 33824 4817 4435   1  11  66  22   0   0
   0    1      1693404        80188         2136        87808 33408 40864 42840 40864 4967 4910   1  11  63  25   0   0
   0    1      1689752        75252         2132        87436 39672 34172 39672 34172 5867 5059   1   8  70  22   0   0
   0    1      1695068        78432         2124        86916 36484 38036 36484 38036 4995 4534   1   8  69  22   0   0
--procs-- -----------------------memory---------------------- ---swap-- -----io---- -system-- ----------cpu----------
   r    b         swpd         free         buff        cache   si   so    bi    bo   in   cs  us  sy  id  wa  st  gu
   1    0      1700656        80332         2120        86488 35948 39916 35948 39916 4521 4629   1  12  67  20   0   0
   1    0      1702064        76168         2116        89940 26428 26588 30356 26588 3748 3889   1   7  67  25   0   0
   1    0      1703244        79200         2108        89980 36212 39060 36540 39060 5392 4710   1  10  68  22   0   0
   0    1      1706352        80976         2100        89644 39208 39132 39208 39132 5696 4878   1   9  69  21   0   0
   0    1      1712036        80728         2096        92724 31316 34748 34664 34748 4363 3997   2  10  67  22   0   0
   0    1      1711624        78248         2096        92604 39644 36584 39644 36584 5119 4910   1  12  66  21   0   0
   0    1      1715188        81040         2084        92348 32316 36144 32684 36144 4083 4337   0  13  66  21   0   0
   0    1      1715568        79388         2080        92308 33644 32028 33644 32028 4808 4454   1  11  66  22   0   0
   0    1      1717256        76164         2072        92180 38552 35732 38552 35732 5275 4828   1  10  67  22   0   0
   1    0      1718372        77708         2068        92040 35688 35752 35688 35752 4706 4528   1  12  66  21   0   0
   0    1      1715192        74684         2056        91836 39264 35736 39264 35736 5238 4660   1  10  68  21   0   0
   2    2      1725844        81316         2044        91664 34516 43872 35008 43872 5376 5104   2  12  66  21   0   0
   0    1      1724684        81072         2036        91356 29968 27580 29972 27580 3935 4037   1  10  69  21   0   0
   1    0      1724936        81076         2024        90908 38064 36316 38064 36316 5657 4941   1  11  67  22   0   0
   0    1      1725916        82344         2028        90496 32684 32288 32684 32308 4669 4194   0  11  67  22   0   0
   0    1      1724560        81656         2024        90008 38068 35896 38068 35896 5275 4662   1  11  66  22   0   0
   0    1      1728004        81112         2020        90836 35764 35748 36864 35748 5421 4576   1  11  66  21   0   0
   2    0      1728476        81116         2012        90588 26020 26524 26020 26524 2984 3366   0   8  70  21   0   0
--procs-- -----------------------memory---------------------- ---swap-- -----io---- -system-- ----------cpu----------
   r    b         swpd         free         buff        cache   si   so    bi    bo   in   cs  us  sy  id  wa  st  gu
   0    1      1727380        79360         2004        90348 26248 25516 26248 25516 3620 3490   0   9  70  21   0   0
   0    1      1723656        76060         1980        90132 28120 22728 28120 22728 3952 3690   1   8  70  22   0   0
   1    0       922012       533648         1972        90232 19484 23988 19736 24000 3173 3520   1  16  69  14   0   0
   2    0       302236      3824396         1972        90232   32    0    32     0 1564  532   0  38  61   1   0   0
   2    0       301980      7507424         2452        91820  948    0  3072     0 1460  650   0  31  66   3   0   0
   0    1       301724      7486564         3188       106828 1324    0 17168     0 2393 2067   3  11  70  16   0   0
   0    0       301212      7473208        11720       113768   88    0 14832     4 1700 1557   1   4  88   7   0   0
   0    0       300956      7472956        11720       113768    8    0     8     0  302  240   0   1  98   0   0   0
   0    0       300956      7472296        11720       113768   28    0    28     0  498  341   0   1  98   0   0   0
   0    0       300956      7471540        11720       113768   40    0    40     0  301  284   0   0  99   0   0   0
   0    0       300700      7473052        11720       113768   36    0    36     0  237  254   0   0  99   0   0   0
   0    0       300700      7469272        11728       119684  104    0  1628    24  807  756   8   1  84   7   0   0
   0    0       300700      7475192        11728       119692   12    0    12     0  247  244   0   1  99   0   0   0
   0    0       300700      7474184        11728       119692    8    0     8     0  346  311   0   1  99   0   0   0
   0    0       300444      7473176        11728       119692    8    0     8     0  245  242   0   0  99   0   0   0
   0    0       300444      7472168        11728       119692   28    0    28     0  227  218   0   0 100   0   0   0
   0    0       300444      7471412        11728       119692   24    0    24     0  293  254   0   1  99   0   0   0
   0    0       300444      7471664        11728       119692    0    0     0     0  304  327   0   0  99   0   0   0
--procs-- -----------------------memory---------------------- ---swap-- -----io---- -system-- ----------cpu----------
   r    b         swpd         free         buff        cache   si   so    bi    bo   in   cs  us  sy  id  wa  st  gu
   0    0       300444      7469052        11728       119692   20    0    20     0  438  378   0   1  98   0   0   0
   0    0       300444      7469052        11728       119692    8    0     8     0  275  312   0   1  99   0   0   0
   0    0       300188      7468044        11728       119692   16    0    16     0  279  267   0   1  99   0   0   0
   0    0       300188      7469556        11728       119692    8    0     8     0  268  276   1   0  99   0   0   0
   0    0       300188      7469556        11736       119692   20    0    20   144  282  272   0   1  99   1   0   0
   0    0       300188      7469464        11736       119848   40    0   196     0  540  430   1   2  98   0   0   0
   1    1       300188      7468708        11736       120592   28    0   376     0  310  271   1   0  97   1   0   0
^C
```
